0 info it worked if it ends with ok
1 verbose cli [ '/Users/mbarrass/.nvm/versions/node/v6.3.1/bin/node',
1 verbose cli   '/Users/mbarrass/.nvm/versions/node/v6.3.1/bin/npm',
1 verbose cli   'start' ]
2 info using npm@3.10.3
3 info using node@v6.3.1
4 verbose run-script [ 'prestart', 'start', 'poststart' ]
5 info lifecycle learn-plasma@0.0.1~prestart: learn-plasma@0.0.1
6 silly lifecycle learn-plasma@0.0.1~prestart: no script for prestart, continuing
7 info lifecycle learn-plasma@0.0.1~start: learn-plasma@0.0.1
8 verbose lifecycle learn-plasma@0.0.1~start: unsafe-perm in lifecycle true
9 verbose lifecycle learn-plasma@0.0.1~start: PATH: /Users/mbarrass/.nvm/versions/node/v6.3.1/lib/node_modules/npm/bin/node-gyp-bin:/Users/mbarrass/Documents/IC3/2018/plasma_project/plasma_website/node_modules/.bin:/Users/mbarrass/.nvm/versions/node/v6.3.1/bin:/Users/mbarrass/.nvm/versions/node/v6.3.1/bin:/usr/local/bin:/usr/bin:/bin:/usr/sbin:/sbin:/opt/X11/bin
10 verbose lifecycle learn-plasma@0.0.1~start: CWD: /Users/mbarrass/Documents/IC3/2018/plasma_project/plasma_website
11 silly lifecycle learn-plasma@0.0.1~start: Args: [ '-c', 'gulp serve' ]
12 silly lifecycle learn-plasma@0.0.1~start: Returned: code: 1  signal: null
13 info lifecycle learn-plasma@0.0.1~start: Failed to exec start script
14 verbose stack Error: learn-plasma@0.0.1 start: `gulp serve`
14 verbose stack Exit status 1
14 verbose stack     at EventEmitter.<anonymous> (/Users/mbarrass/.nvm/versions/node/v6.3.1/lib/node_modules/npm/lib/utils/lifecycle.js:242:16)
14 verbose stack     at emitTwo (events.js:106:13)
14 verbose stack     at EventEmitter.emit (events.js:191:7)
14 verbose stack     at ChildProcess.<anonymous> (/Users/mbarrass/.nvm/versions/node/v6.3.1/lib/node_modules/npm/lib/utils/spawn.js:40:14)
14 verbose stack     at emitTwo (events.js:106:13)
14 verbose stack     at ChildProcess.emit (events.js:191:7)
14 verbose stack     at maybeClose (internal/child_process.js:852:16)
14 verbose stack     at Process.ChildProcess._handle.onexit (internal/child_process.js:215:5)
15 verbose pkgid learn-plasma@0.0.1
16 verbose cwd /Users/mbarrass/Documents/IC3/2018/plasma_project/plasma_website
17 error Darwin 17.5.0
18 error argv "/Users/mbarrass/.nvm/versions/node/v6.3.1/bin/node" "/Users/mbarrass/.nvm/versions/node/v6.3.1/bin/npm" "start"
19 error node v6.3.1
20 error npm  v3.10.3
21 error code ELIFECYCLE
22 error learn-plasma@0.0.1 start: `gulp serve`
22 error Exit status 1
23 error Failed at the learn-plasma@0.0.1 start script 'gulp serve'.
23 error Make sure you have the latest version of node.js and npm installed.
23 error If you do, this is most likely a problem with the learn-plasma package,
23 error not with npm itself.
23 error Tell the author that this fails on your system:
23 error     gulp serve
23 error You can get information on how to open an issue for this project with:
23 error     npm bugs learn-plasma
23 error Or if that isn't available, you can get their info via:
23 error     npm owner ls learn-plasma
23 error There is likely additional logging output above.
24 verbose exit [ 1, true ]
